<?xml version="1.0" encoding="UTF-8"?>
<!-- Generated by org.testng.reporters.JUnitReportReporter -->
<testsuite hostname="Lakku" failures="0" tests="1" name="com.actitime.customertest.CustomerDesc" time="10.558" errors="0" timestamp="29 Jul 2018 17:20:55 GMT">
  <testcase classname="com.actitime.customertest.CustomerDesc" name="createCustomerWithDecriptionTest" time="10.558"/>
</testsuite> <!-- com.actitime.customertest.CustomerDesc -->
