<?xml version="1.0" encoding="UTF-8"?>
<!-- Generated by org.testng.reporters.JUnitReportReporter -->
<testsuite hostname="Lakku" failures="0" tests="5" name="com.actitime.usertest.CartTest" time="0.018" errors="0" timestamp="29 Jul 2018 18:32:20 GMT">
  <testcase classname="com.actitime.usertest.CartTest" name="addToCart" time="0.002"/>
  <testcase classname="com.actitime.usertest.CartTest" name="addToCart" time="0.003"/>
  <testcase classname="com.actitime.usertest.CartTest" name="addToCart" time="0.001"/>
  <testcase classname="com.actitime.usertest.CartTest" name="addToCart" time="0.011"/>
  <testcase classname="com.actitime.usertest.CartTest" name="addToCart" time="0.001"/>
</testsuite> <!-- com.actitime.usertest.CartTest -->
