<?xml version="1.0" encoding="UTF-8"?>
<!-- Generated by org.testng.reporters.JUnitReportReporter -->
<testsuite hostname="Lakku" failures="0" tests="1" name="com.actitime.usertest.UserTest" time="4.021" errors="0" timestamp="29 Jul 2018 17:20:55 GMT">
  <testcase classname="com.actitime.usertest.UserTest" name="createUSerTest" time="4.021"/>
</testsuite> <!-- com.actitime.usertest.UserTest -->
