<?xml version="1.0" encoding="UTF-8"?>
<!-- Generated by org.testng.reporters.JUnitReportReporter -->
<testsuite hostname="Lakku" failures="0" tests="1" name="com.actitime.customertest.CustomerTest" time="22.742" errors="0" timestamp="29 Jul 2018 17:20:55 GMT">
  <testcase classname="com.actitime.customertest.CustomerTest" name="cerateCustomerTest" time="22.742"/>
</testsuite> <!-- com.actitime.customertest.CustomerTest -->
